[09-05-2025, 10:16:35 +03:00] info: request
[09-05-2025, 10:16:35 +03:00] info: request
[09-05-2025, 10:16:35 +03:00] info: request
[09-05-2025, 10:16:35 +03:00] info: request
[09-05-2025, 10:16:35 +03:00] info: request
[09-05-2025, 10:16:35 +03:00] request: request
[09-05-2025, 10:17:29 +03:00] info: request
[09-05-2025, 10:17:30 +03:00] info: request
[09-05-2025, 10:17:30 +03:00] info: request
[09-05-2025, 10:17:30 +03:00] info: request
[09-05-2025, 10:17:30 +03:00] info: request
[09-05-2025, 10:17:30 +03:00] request: request
[09-05-2025, 10:18:27 +03:00] info: request
[09-05-2025, 10:18:27 +03:00] debug: request
[09-05-2025, 10:18:27 +03:00] debug: request
[09-05-2025, 10:18:27 +03:00] info: request
[09-05-2025, 10:18:27 +03:00] info: request
[09-05-2025, 10:18:27 +03:00] request: request
[09-05-2025, 10:18:31 +03:00] info: request
[09-05-2025, 10:18:31 +03:00] debug: request
[09-05-2025, 10:18:31 +03:00] debug: request
[09-05-2025, 10:18:31 +03:00] info: request
[09-05-2025, 10:18:31 +03:00] info: request
[09-05-2025, 10:18:31 +03:00] request: request
[09-05-2025, 10:18:44 +03:00] info: request
[09-05-2025, 10:18:44 +03:00] error: request
[09-05-2025, 10:18:44 +03:00] error: request
[09-05-2025, 10:18:44 +03:00] info: request
[09-05-2025, 10:18:44 +03:00] info: request
[09-05-2025, 10:18:44 +03:00] request: request
[09-05-2025, 10:18:48 +03:00] info: request
[09-05-2025, 10:18:48 +03:00] error: request
[09-05-2025, 10:18:48 +03:00] info: request
[09-05-2025, 10:18:48 +03:00] error: request
[09-05-2025, 10:18:48 +03:00] info: request
[09-05-2025, 10:18:48 +03:00] request: request
[09-05-2025, 10:19:02 +03:00] info: request
[09-05-2025, 10:19:02 +03:00] warn: request
[09-05-2025, 10:19:02 +03:00] warn: request
[09-05-2025, 10:19:02 +03:00] info: request
[09-05-2025, 10:19:02 +03:00] info: request
[09-05-2025, 10:19:02 +03:00] request: request
[09-05-2025, 10:19:18 +03:00] info: request
[09-05-2025, 10:19:18 +03:00] info: request
[09-05-2025, 10:19:18 +03:00] info: request
[09-05-2025, 10:19:18 +03:00] info: request
[09-05-2025, 10:19:18 +03:00] info: request
[09-05-2025, 10:19:18 +03:00] request: request
[09-05-2025, 10:19:35 +03:00] info: request
[09-05-2025, 10:19:35 +03:00] info: request
[09-05-2025, 10:19:35 +03:00] info: request
[09-05-2025, 10:19:35 +03:00] info: request
[09-05-2025, 10:19:35 +03:00] info: request
[09-05-2025, 10:19:35 +03:00] info: request
[09-05-2025, 10:20:20 +03:00] info: request
[09-05-2025, 10:20:20 +03:00] info: request
[09-05-2025, 10:20:20 +03:00] info: request
[09-05-2025, 10:20:20 +03:00] info: request
[09-05-2025, 10:20:20 +03:00] info: request
[09-05-2025, 10:20:20 +03:00] request: request
